Tue Aug 28 15:21:36 2001 :: Cargando variables.
Tue Aug 28 15:21:36 2001 :: mud_calloc : pidiendo 2500000 bytes
Tue Aug 28 15:21:36 2001 :: Inicializando SLang
Tue Aug 28 15:21:36 2001 :: Creando clan_table de largo 9, tama~no 468
Tue Aug 28 15:21:36 2001 :: Tabla de clanes cargada.
Tue Aug 28 15:21:36 2001 :: Cargando puntajes
Tue Aug 28 15:21:36 2001 :: Cargando segundos
Tue Aug 28 15:21:36 2001 :: Creando race_table de largo 57, tama~no 8436
Tue Aug 28 15:21:36 2001 :: Tabla de razas cargada.
Tue Aug 28 15:21:36 2001 :: Cargando skills
Tue Aug 28 15:21:36 2001 :: Creando tabla de skills de largo 227, tama~no 18160
Tue Aug 28 15:21:36 2001 :: [*****] BUG: spell_function : spell spell_lepra inexistente
Tue Aug 28 15:21:36 2001 :: Creando tabla hash de skills
Tue Aug 28 15:21:36 2001 :: Cargando grupos
Tue Aug 28 15:21:36 2001 :: Creando cmd_table de largo 402, tama~no 8040
Tue Aug 28 15:21:36 2001 :: Tabla de comandos cargada.
Tue Aug 28 15:21:36 2001 :: Creando tabla de acceso a comandos
Tue Aug 28 15:21:36 2001 :: Creando laberinto
Tue Aug 28 15:21:36 2001 :: Cargando areas
Tue Aug 28 15:21:36 2001 :: Cargando script 3018.scr.
Tue Aug 28 15:21:36 2001 :: [*****] FILE: chapel.are LINE: 500
Tue Aug 28 15:21:36 2001 :: [*****] BUG: Load_objects : obj 3420 sin nom, short o desc.
Tue Aug 28 15:21:36 2001 :: [*****] FILE: limbo.are LINE: 376
Tue Aug 28 15:21:36 2001 :: [*****] BUG: Load_objects : obj 47 sin nom, short o desc.
Tue Aug 28 15:21:36 2001 :: [*****] FILE: lab.are LINE: 67
Tue Aug 28 15:21:36 2001 :: [*****] BUG: Load_mobiles : mob 31000 con nom, short o long desc NULL.
Tue Aug 28 15:21:36 2001 :: [*****] FILE: gstrong.are LINE: 265
Tue Aug 28 15:21:36 2001 :: [*****] BUG: load_objects : obj 16666 con MELT_DROP y NODROP
Tue Aug 28 15:21:36 2001 :: [*****] FILE: smoon.are LINE: 1889
Tue Aug 28 15:21:36 2001 :: [*****] BUG: load_rooms : cuarto 23575 con mana_rate 500
Tue Aug 28 15:21:36 2001 :: [*****] FILE: smoon.are LINE: 1889
Tue Aug 28 15:21:36 2001 :: [*****] BUG: load_rooms : cuarto 23575 con heal_rate 500
Tue Aug 28 15:21:36 2001 :: [*****] FILE: smoon.are LINE: 2129
Tue Aug 28 15:21:36 2001 :: [*****] BUG: load_rooms : room 23593 con ROOM_ARENA
Tue Aug 28 15:21:36 2001 :: [*****] FILE: smoon.are LINE: 2146
Tue Aug 28 15:21:36 2001 :: [*****] BUG: load_rooms : room 23594 con ROOM_ARENA
Tue Aug 28 15:21:36 2001 :: [*****] FILE: smoon.are LINE: 2162
Tue Aug 28 15:21:36 2001 :: [*****] BUG: load_rooms : room 23595 con ROOM_ARENA
Tue Aug 28 15:21:36 2001 :: [*****] FILE: smoon.are LINE: 2288
Tue Aug 28 15:21:36 2001 :: [*****] BUG: load_rooms : cuarto 23505 con mana_rate 300
Tue Aug 28 15:21:36 2001 :: [*****] FILE: smoon.are LINE: 2288
Tue Aug 28 15:21:36 2001 :: [*****] BUG: load_rooms : cuarto 23505 con heal_rate 300
Tue Aug 28 15:21:36 2001 :: [*****] BUG: Fix_exits: 22726:0 -> 22731:2 -> 22727.
Err: obj Cetro Lunar (23509) -- 33, mob #BSerena#b, La princesa de la Luna (23505) -- 60
Err: obj Espada de Endimion (23511) -- 35, mob #BEndimion#b, El Principe de la Tierra (23504) -- 55
Err: obj laser Gun (24500) -- 30, mob Un Comandante Imperial (24510) -- 43
Tue Aug 28 15:21:36 2001 :: Cargando notas
Tue Aug 28 15:21:36 2001 :: Cargando comandos inhabilitados
Tue Aug 28 15:21:36 2001 :: Cargando bans
Tue Aug 28 15:21:36 2001 :: Creando social_table de largo 255, tama~no 9180
Tue Aug 28 15:21:36 2001 :: Tabla de socials cargada.
Tue Aug 28 15:21:36 2001 :: Cargando valor de las acciones
Tue Aug 28 15:21:36 2001 :: Cargando canciones
Tue Aug 28 15:21:36 2001 :: Tabla de peticiones cargada.
Tue Aug 28 15:21:36 2001 :: Lista de jugadores cargada.
Tue Aug 28 15:21:36 2001 :: Black Dragon Mud is ready to rock on port 27040.
Tue Sep  4 14:54:52 2001 :: Creando socket 6 para 127.0.0.1
Tue Sep  4 14:54:54 2001 :: Loading Birdie.
Tue Sep  4 14:54:56 2001 :: Birdie@localhost se ha conectado.
Tue Sep  4 14:55:00 2001 :: Birdie se retira.
Tue Sep 25 20:12:33 2001 :: Creando socket 6 para 200.54.204.187
Tue Sep 25 20:12:50 2001 :: Loading Birdie.
Tue Sep 25 20:12:54 2001 :: Cerrando link a Birdie.
Tue Sep 25 20:12:57 2001 :: Creando socket 6 para 200.54.204.187
Tue Sep 25 20:13:00 2001 :: Loading Birdie.
Tue Sep 25 20:13:01 2001 :: Birdie@204-187.adsl.cust.tie.cl se ha conectado.
Tue Sep 25 20:13:07 2001 :: Log Birdie: ls
Tue Sep 25 20:13:46 2001 :: Log Birdie: ls
Tue Sep 25 20:15:53 2001 :: Birdie se retira.
