olc.hlp
group.are
rom.are
help.are
ofcol2.are
shire.are
midgaard.are
immort.are
plains.are
air.are
arachnos.are
haon.are
astral.are
canyon.are
catacomb.are
chapel.are
daycare.are
draconia.are
dream.are
drow.are
thalos.are
dwarven.are
dylan.are
eastern.are
galaxy.are
gnome.are
grave.are
grove.are
hitower.are
hood.are
limbo.are
mahntor.are
marsh.are
mega1.are
midennir.are
mirror.are
mobfact.are
moria.are
newthalos.are
nirvana.are
ofcol.are
olympus.are
pyramid.are
quifael.are
sewer.are
redferne.are
school.are
smurf.are
tohell.are
trollden.are
valley.are
wyvern.are
circus.are
ocean.are
shaolin.are
haven.are
crystal.are
tree.are
solace.are
king.are
torre.are
lab.are
dragonl.are
jurassic.are
cain.are
poseidon.are
gstrong.are
castle.are
white.are
mordor.are
arena.are
dara.are
under2.are
starwars.are
necro.are
media.are
antonio.are
infernus.are
area77.are
dragonb.are
militar.are
metal.are
warlord.are
smoon.are
area86.are
atlanti.are
dioses.are
$
